number,value,datetime_start,datetime_complete,duration,params_colsample_bytree,params_horizon,params_lags,params_learning_rate,params_max_depth,params_min_child_weight,params_n_estimators,params_reg_alpha,params_reg_lambda,params_rolling_window,params_subsample,params_use_all_stats,params_use_fourier,params_use_holidays,state
77,0.1790489318582076,2025-08-26 00:26:08.314011,2025-08-26 00:26:09.353395,0 days 00:00:01.039384,0.7346307568420511,1,"(1, 2, 3, 4, 5)",0.011245968474244061,9,0.1203360910045352,378,3.5425511235091927,35.372817353647235,"(3, 6, 12)",0.937689840288912,True,False,False,COMPLETE
78,0.1788652010912839,2025-08-26 00:26:09.353744,2025-08-26 00:26:10.969116,0 days 00:00:01.615372,0.753640829543337,1,"(1, 2, 3, 4, 5)",0.016151020785983107,10,0.2107909603293028,484,0.538114319172963,21.26920361576461,"(3, 6)",0.948955053657548,True,True,True,COMPLETE
79,0.18171821671533345,2025-08-26 00:26:10.969470,2025-08-26 00:26:12.013528,0 days 00:00:01.044058,0.721610045250756,1,"(1, 2, 3, 4, 5)",0.010046811927444816,9,0.14706117644563432,392,5.859492046095335,68.41220804107274,"(3, 6)",0.9286222997501784,True,True,True,COMPLETE
80,0.18066775971279175,2025-08-26 00:26:12.013878,2025-08-26 00:26:13.252839,0 days 00:00:01.238961,0.7686518907539112,1,"(1, 2, 3, 4, 5)",0.012716468954265096,9,0.3627272651235876,420,0.374477188112625,9.28630290410884,"(3, 6)",0.9640451010890608,True,True,True,COMPLETE
81,0.16984526541241105,2025-08-26 00:26:13.253188,2025-08-26 00:26:14.534109,0 days 00:00:01.280921,0.7370568609209406,1,"(1, 2, 3, 4, 5)",0.015536097231787078,9,0.28634346742056416,439,0.8464020966602334,57.79585135877173,"(3, 6)",0.9795656117010765,True,True,True,COMPLETE
82,0.17310356063444743,2025-08-26 00:26:14.534459,2025-08-26 00:26:15.808039,0 days 00:00:01.273580,0.73679952156061,1,"(1, 2, 3, 4, 5)",0.015530028520052861,9,0.20909508573845526,437,1.0554189164002412,41.1841385841375,"(3, 6)",0.9829553077389396,True,True,True,COMPLETE
83,0.17059944724353132,2025-08-26 00:26:15.808371,2025-08-26 00:26:17.002132,0 days 00:00:01.193761,0.7263875584834958,1,"(1, 2, 3, 4, 5)",0.017121627344322755,9,0.42394976784701716,410,0.7839595986139261,52.33416140848967,"(3, 6)",0.9529856626464238,True,True,True,COMPLETE
84,0.17222832680653158,2025-08-26 00:26:17.002483,2025-08-26 00:26:18.268114,0 days 00:00:01.265631,0.7280824490825153,1,"(1, 2, 3, 4, 5)",0.020289850245756375,10,0.31918896325343626,378,0.8390321441034749,54.206535820519136,"(3, 6)",0.9500491256316832,True,True,True,COMPLETE
85,0.1832294514458658,2025-08-26 00:26:18.268461,2025-08-26 00:26:19.623189,0 days 00:00:01.354728,0.7271583342860136,1,"(1, 2, 3, 4, 5)",0.019950019505036044,10,0.42139112535845186,415,0.7022024319257983,16.31394183914155,"(3, 6)",0.9483879021391032,True,True,True,COMPLETE
86,0.1764523677248979,2025-08-26 00:26:19.623534,2025-08-26 00:26:20.836503,0 days 00:00:01.212969,0.7543981874649986,1,"(1, 2, 3, 4, 5)",0.02134080972721153,10,0.2910681410248348,367,0.8318065673491538,28.815172042663033,"(3, 6)",0.9165861280197845,True,True,True,COMPLETE
87,0.1745933874873649,2025-08-26 00:26:20.836879,2025-08-26 00:26:21.956400,0 days 00:00:01.119521,0.7747621452673508,1,"(1, 2, 3, 4, 5)",0.013983260908416086,10,0.5289476057855762,341,1.8356222900342536,52.480140521034045,"(3, 6)",0.9593607787065789,True,True,True,COMPLETE
88,0.17503857793936642,2025-08-26 00:26:21.956750,2025-08-26 00:26:23.126856,0 days 00:00:01.170106,0.7142122767522063,1,"(1, 2, 3, 4, 5)",0.01739487100212432,9,0.7083021916980686,398,0.3676598003051418,33.75759162084848,"(3, 6)",0.9849488334748868,True,True,True,COMPLETE
89,0.3305059711094851,2025-08-26 00:26:23.127195,2025-08-26 00:26:24.382305,0 days 00:00:01.255110,0.7613258616577094,3,"(1, 2, 3, 4, 5)",0.019173649227900824,10,0.2964451499850876,411,0.8429154753227043,0.012160533839343431,"(3, 6)",0.9589718299606028,False,True,True,COMPLETE
90,0.17656605589842495,2025-08-26 00:26:24.382666,2025-08-26 00:26:25.690059,0 days 00:00:01.307393,0.7244424044086777,1,"(1, 2, 3, 4, 5)",0.014919331052007871,9,0.38050649799690667,465,1.392888298635903,50.324546521828054,"(3, 6, 12)",0.9267889134925552,True,False,False,COMPLETE
91,0.170656010352741,2025-08-26 00:26:25.690401,2025-08-26 00:26:26.787522,0 days 00:00:01.097121,0.7381402825094964,1,"(1, 2, 3, 4, 5)",0.016493057834455316,9,0.20055574891910039,387,2.3860778395607047,65.3236711376333,"(3, 6)",0.9714980447027441,True,True,True,COMPLETE
92,0.1717627089321111,2025-08-26 00:26:26.787862,2025-08-26 00:26:27.814366,0 days 00:00:01.026504,0.7416013937383511,1,"(1, 2, 3, 4, 5)",0.01356889440177008,9,0.23964142342715763,367,2.112604825174485,77.00989411750328,"(3, 6)",0.97794673236553,True,True,True,COMPLETE
93,0.17002037988545324,2025-08-26 00:26:27.814703,2025-08-26 00:26:29.060074,0 days 00:00:01.245371,0.7419113968588102,1,"(1, 2, 3, 4, 5)",0.013183932791972271,9,0.22403442570567766,447,2.5361066050992855,75.62970025532042,"(3, 6)",0.9911171131398445,True,True,True,COMPLETE
94,0.17041726567391402,2025-08-26 00:26:29.060415,2025-08-26 00:26:30.304988,0 days 00:00:01.244573,0.741456425957006,1,"(1, 2, 3, 4, 5)",0.013171229113604455,9,0.17882103646297345,445,2.2263066526641593,80.970870697983,"(3, 6)",0.9908662177627449,True,True,True,COMPLETE
95,0.1752475374565157,2025-08-26 00:26:30.305329,2025-08-26 00:26:31.702275,0 days 00:00:01.396946,0.7166558653762094,1,"(1, 2, 3, 4, 5)",0.011897541328766463,9,0.1680289099602312,490,2.5891223037268896,23.69408526925472,"(3, 6)",0.9687884804982712,True,True,True,COMPLETE
96,0.17337925055778852,2025-08-26 00:26:31.702621,2025-08-26 00:26:32.952257,0 days 00:00:01.249636,0.7662826444724402,1,"(1, 2, 3, 4, 5)",0.012946685175143217,9,0.4531752127552988,449,5.4397257234167995,37.27304458959699,"(3, 6)",0.9912209656840861,True,True,True,COMPLETE
97,0.17137979482317856,2025-08-26 00:26:32.952603,2025-08-26 00:26:34.170915,0 days 00:00:01.218312,0.7555578740777845,1,"(1, 2, 3, 4, 5)",0.016897280183719266,9,0.18534969836899523,432,1.7246679471511595,82.28731982745008,"(3, 6)",0.990535277679205,True,True,True,COMPLETE
98,0.17031506334046692,2025-08-26 00:26:34.171277,2025-08-26 00:26:35.445158,0 days 00:00:01.273881,0.7803160150539898,1,"(1, 2, 3, 4, 5)",0.017364329724442563,9,0.15350197296960058,464,3.858436123353393,91.05655577567576,"(3, 6)",0.9919541251010445,True,True,True,COMPLETE
99,0.2020787054209846,2025-08-26 00:26:35.445523,2025-08-26 00:26:36.764065,0 days 00:00:01.318542,0.7860727879383828,1,"(1, 2, 3, 4, 5)",0.015359847229751665,9,0.1490673032057143,466,4.221728614345393,0.856677854203565,"(3, 6)",0.9790759982211892,True,True,True,COMPLETE
